# JRE version: OpenJDK Runtime Environment (11.0.15) (build 11.0.15+0-b2043.56-9505619)
# Java VM: OpenJDK 64-Bit Server VM (11.0.15+0-b2043.56-9505619, mixed mode, tiered, compressed oops, g1 gc, windows-amd64)
Heap:
 garbage-first heap   total 631808K, used 379793K [0x0000000080000000, 0x0000000100000000)
  region size 1024K, 3 young (3072K), 3 survivors (3072K)
 Metaspace       used 169559K, capacity 175744K, committed 175996K, reserved 1202176K
  class space    used 20775K, capacity 23014K, committed 23116K, reserved 1048576K
GC Heap History (20 events):
Event: 1193.714 GC heap after
{Heap after GC invocations=211 (full 0):
 garbage-first heap   total 344064K, used 298445K [0x0000000080000000, 0x0000000100000000)
  region size 1024K, 2 young (2048K), 2 survivors (2048K)
 Metaspace       used 169135K, capacity 175316K, committed 175484K, reserved 1202176K
  class space    used 20753K, capacity 23004K, committed 23116K, reserved 1048576K
}
Event: 1194.094 GC heap before
{Heap before GC invocations=211 (full 0):
 garbage-first heap   total 344064K, used 314829K [0x0000000080000000, 0x0000000100000000)
  region size 1024K, 16 young (16384K), 2 survivors (2048K)
 Metaspace       used 169136K, capacity 175316K, committed 175484K, reserved 1202176K
  class space    used 20753K, capacity 23004K, committed 23116K, reserved 1048576K
}
Event: 1194.121 GC heap after
{Heap after GC invocations=212 (full 0):
 garbage-first heap   total 344064K, used 306617K [0x0000000080000000, 0x0000000100000000)
  region size 1024K, 2 young (2048K), 2 survivors (2048K)
 Metaspace       used 169136K, capacity 175316K, committed 175484K, reserved 1202176K
  class space    used 20753K, capacity 23004K, committed 23116K, reserved 1048576K
}
Event: 1194.357 GC heap before
{Heap before GC invocations=212 (full 0):
 garbage-first heap   total 344064K, used 320953K [0x0000000080000000, 0x0000000100000000)
  region size 1024K, 16 young (16384K), 2 survivors (2048K)
 Metaspace       used 169401K, capacity 175613K, committed 175740K, reserved 1202176K
  class space    used 20774K, capacity 23018K, committed 23116K, reserved 1048576K
}
Event: 1194.384 GC heap after
{Heap after GC invocations=213 (full 0):
 garbage-first heap   total 344064K, used 313343K [0x0000000080000000, 0x0000000100000000)
  region size 1024K, 2 young (2048K), 2 survivors (2048K)
 Metaspace       used 169401K, capacity 175613K, committed 175740K, reserved 1202176K
  class space    used 20774K, capacity 23018K, committed 23116K, reserved 1048576K
}
Event: 1194.835 GC heap before
{Heap before GC invocations=213 (full 0):
 garbage-first heap   total 344064K, used 327679K [0x0000000080000000, 0x0000000100000000)
  region size 1024K, 16 young (16384K), 2 survivors (2048K)
 Metaspace       used 169468K, capacity 175682K, committed 175996K, reserved 1202176K
  class space    used 20774K, capacity 23018K, committed 23116K, reserved 1048576K
}
Event: 1194.858 GC heap after
{Heap after GC invocations=214 (full 0):
 garbage-first heap   total 344064K, used 321382K [0x0000000080000000, 0x0000000100000000)
  region size 1024K, 2 young (2048K), 2 survivors (2048K)
 Metaspace       used 169468K, capacity 175682K, committed 175996K, reserved 1202176K
  class space    used 20774K, capacity 23018K, committed 23116K, reserved 1048576K
}
Event: 1195.012 GC heap before
{Heap before GC invocations=215 (full 0):
 garbage-first heap   total 344064K, used 335718K [0x0000000080000000, 0x0000000100000000)
  region size 1024K, 16 young (16384K), 2 survivors (2048K)
 Metaspace       used 169474K, capacity 175682K, committed 175996K, reserved 1202176K
  class space    used 20774K, capacity 23018K, committed 23116K, reserved 1048576K
}
Event: 1195.033 GC heap after
{Heap after GC invocations=216 (full 0):
 garbage-first heap   total 346112K, used 329048K [0x0000000080000000, 0x0000000100000000)
  region size 1024K, 2 young (2048K), 2 survivors (2048K)
 Metaspace       used 169474K, capacity 175682K, committed 175996K, reserved 1202176K
  class space    used 20774K, capacity 23018K, committed 23116K, reserved 1048576K
}
Event: 1195.132 GC heap before
{Heap before GC invocations=216 (full 0):
 garbage-first heap   total 346112K, used 343384K [0x0000000080000000, 0x0000000100000000)
  region size 1024K, 16 young (16384K), 2 survivors (2048K)
 Metaspace       used 169482K, capacity 175684K, committed 175996K, reserved 1202176K
  class space    used 20774K, capacity 23018K, committed 23116K, reserved 1048576K
}
Event: 1195.165 GC heap after
{Heap after GC invocations=217 (full 0):
 garbage-first heap   total 356352K, used 334847K [0x0000000080000000, 0x0000000100000000)
  region size 1024K, 2 young (2048K), 2 survivors (2048K)
 Metaspace       used 169482K, capacity 175684K, committed 175996K, reserved 1202176K
  class space    used 20774K, capacity 23018K, committed 23116K, reserved 1048576K
}
Event: 1195.279 GC heap before
{Heap before GC invocations=217 (full 0):
 garbage-first heap   total 356352K, used 350207K [0x0000000080000000, 0x0000000100000000)
  region size 1024K, 17 young (17408K), 2 survivors (2048K)
 Metaspace       used 169482K, capacity 175684K, committed 175996K, reserved 1202176K
  class space    used 20774K, capacity 23018K, committed 23116K, reserved 1048576K
}
Event: 1195.314 GC heap after
{Heap after GC invocations=218 (full 0):
 garbage-first heap   total 430080K, used 343039K [0x0000000080000000, 0x0000000100000000)
  region size 1024K, 3 young (3072K), 3 survivors (3072K)
 Metaspace       used 169482K, capacity 175684K, committed 175996K, reserved 1202176K
  class space    used 20774K, capacity 23018K, committed 23116K, reserved 1048576K
}
Event: 1196.508 GC heap before
{Heap before GC invocations=218 (full 0):
 garbage-first heap   total 430080K, used 360447K [0x0000000080000000, 0x0000000100000000)
  region size 1024K, 21 young (21504K), 3 survivors (3072K)
 Metaspace       used 169491K, capacity 175684K, committed 175996K, reserved 1202176K
  class space    used 20774K, capacity 23018K, committed 23116K, reserved 1048576K
}
Event: 1196.532 GC heap after
{Heap after GC invocations=219 (full 0):
 garbage-first heap   total 430080K, used 352946K [0x0000000080000000, 0x0000000100000000)
  region size 1024K, 3 young (3072K), 3 survivors (3072K)
 Metaspace       used 169491K, capacity 175684K, committed 175996K, reserved 1202176K
  class space    used 20774K, capacity 23018K, committed 23116K, reserved 1048576K
}
Event: 1197.050 GC heap before
{Heap before GC invocations=219 (full 0):
 garbage-first heap   total 430080K, used 371378K [0x0000000080000000, 0x0000000100000000)
  region size 1024K, 21 young (21504K), 3 survivors (3072K)
 Metaspace       used 169483K, capacity 175664K, committed 175996K, reserved 1202176K
  class space    used 20770K, capacity 23010K, committed 23116K, reserved 1048576K
}
Event: 1197.076 GC heap after
{Heap after GC invocations=220 (full 0):
 garbage-first heap   total 430080K, used 363329K [0x0000000080000000, 0x0000000100000000)
  region size 1024K, 3 young (3072K), 3 survivors (3072K)
 Metaspace       used 169483K, capacity 175664K, committed 175996K, reserved 1202176K
  class space    used 20770K, capacity 23010K, committed 23116K, reserved 1048576K
}
Event: 1197.343 GC heap before
{Heap before GC invocations=221 (full 0):
 garbage-first heap   total 430080K, used 381761K [0x0000000080000000, 0x0000000100000000)
  region size 1024K, 21 young (21504K), 3 survivors (3072K)
 Metaspace       used 169485K, capacity 175664K, committed 175996K, reserved 1202176K
  class space    used 20770K, capacity 23010K, committed 23116K, reserved 1048576K
}
Event: 1197.382 GC heap after
{Heap after GC invocations=222 (full 0):
 garbage-first heap   total 430080K, used 373629K [0x0000000080000000, 0x0000000100000000)
  region size 1024K, 3 young (3072K), 3 survivors (3072K)
 Metaspace       used 169485K, capacity 175664K, committed 175996K, reserved 1202176K
  class space    used 20770K, capacity 23010K, committed 23116K, reserved 1048576K
}
Event: 1197.990 GC heap before
{Heap before GC invocations=222 (full 0):
 garbage-first heap   total 430080K, used 392061K [0x0000000080000000, 0x0000000100000000)
  region size 1024K, 21 young (21504K), 3 survivors (3072K)
 Metaspace       used 169559K, capacity 175744K, committed 175996K, reserved 1202176K
  class space    used 20775K, capacity 23014K, committed 23116K, reserved 1048576K
}

