# JRE version: OpenJDK Runtime Environment (11.0.15) (build 11.0.15+0-b2043.56-9505619)
# Java VM: OpenJDK 64-Bit Server VM (11.0.15+0-b2043.56-9505619, mixed mode, tiered, compressed oops, g1 gc, windows-amd64)
Heap:
 garbage-first heap   total 233472K, used 219195K [0x0000000080000000, 0x0000000100000000)
  region size 1024K, 40 young (40960K), 3 survivors (3072K)
 Metaspace       used 150205K, capacity 154199K, committed 156112K, reserved 1185792K
  class space    used 18558K, capacity 20009K, committed 20812K, reserved 1048576K
GC Heap History (20 events):
Event: 6071.120 GC heap before
{Heap before GC invocations=70 (full 0):
 garbage-first heap   total 227328K, used 174647K [0x0000000080000000, 0x0000000100000000)
  region size 1024K, 50 young (51200K), 2 survivors (2048K)
 Metaspace       used 148369K, capacity 152037K, committed 154832K, reserved 1183744K
  class space    used 18442K, capacity 19815K, committed 20812K, reserved 1048576K
}
Event: 6071.154 GC heap after
{Heap after GC invocations=71 (full 0):
 garbage-first heap   total 227328K, used 130826K [0x0000000080000000, 0x0000000100000000)
  region size 1024K, 6 young (6144K), 6 survivors (6144K)
 Metaspace       used 148369K, capacity 152037K, committed 154832K, reserved 1183744K
  class space    used 18442K, capacity 19815K, committed 20812K, reserved 1048576K
}
Event: 6095.319 GC heap before
{Heap before GC invocations=72 (full 0):
 garbage-first heap   total 227328K, used 181002K [0x0000000080000000, 0x0000000100000000)
  region size 1024K, 54 young (55296K), 6 survivors (6144K)
 Metaspace       used 148911K, capacity 152745K, committed 155088K, reserved 1183744K
  class space    used 18483K, capacity 19921K, committed 20812K, reserved 1048576K
}
Event: 6095.426 GC heap after
{Heap after GC invocations=73 (full 0):
 garbage-first heap   total 227328K, used 138735K [0x0000000080000000, 0x0000000100000000)
  region size 1024K, 7 young (7168K), 7 survivors (7168K)
 Metaspace       used 148911K, capacity 152745K, committed 155088K, reserved 1183744K
  class space    used 18483K, capacity 19921K, committed 20812K, reserved 1048576K
}
Event: 6095.494 GC heap before
{Heap before GC invocations=73 (full 0):
 garbage-first heap   total 227328K, used 142831K [0x0000000080000000, 0x0000000100000000)
  region size 1024K, 11 young (11264K), 7 survivors (7168K)
 Metaspace       used 148973K, capacity 152811K, committed 155088K, reserved 1183744K
  class space    used 18483K, capacity 19921K, committed 20812K, reserved 1048576K
}
Event: 6095.532 GC heap after
{Heap after GC invocations=74 (full 0):
 garbage-first heap   total 227328K, used 139824K [0x0000000080000000, 0x0000000100000000)
  region size 1024K, 1 young (1024K), 1 survivors (1024K)
 Metaspace       used 148973K, capacity 152811K, committed 155088K, reserved 1183744K
  class space    used 18483K, capacity 19921K, committed 20812K, reserved 1048576K
}
Event: 6096.293 GC heap before
{Heap before GC invocations=74 (full 0):
 garbage-first heap   total 227328K, used 182832K [0x0000000080000000, 0x0000000100000000)
  region size 1024K, 43 young (44032K), 1 survivors (1024K)
 Metaspace       used 149240K, capacity 153089K, committed 155344K, reserved 1183744K
  class space    used 18510K, capacity 19926K, committed 20812K, reserved 1048576K
}
Event: 6096.317 GC heap after
{Heap after GC invocations=75 (full 0):
 garbage-first heap   total 227328K, used 140724K [0x0000000080000000, 0x0000000100000000)
  region size 1024K, 2 young (2048K), 2 survivors (2048K)
 Metaspace       used 149240K, capacity 153089K, committed 155344K, reserved 1183744K
  class space    used 18510K, capacity 19926K, committed 20812K, reserved 1048576K
}
Event: 6104.954 GC heap before
{Heap before GC invocations=76 (full 0):
 garbage-first heap   total 233472K, used 227764K [0x0000000080000000, 0x0000000100000000)
  region size 1024K, 46 young (47104K), 2 survivors (2048K)
 Metaspace       used 149525K, capacity 153391K, committed 155600K, reserved 1183744K
  class space    used 18517K, capacity 19940K, committed 20812K, reserved 1048576K
}
Event: 6104.972 GC heap after
{Heap after GC invocations=77 (full 0):
 garbage-first heap   total 233472K, used 140448K [0x0000000080000000, 0x0000000100000000)
  region size 1024K, 2 young (2048K), 2 survivors (2048K)
 Metaspace       used 149525K, capacity 153391K, committed 155600K, reserved 1183744K
  class space    used 18517K, capacity 19940K, committed 20812K, reserved 1048576K
}
Event: 6123.148 GC heap before
{Heap before GC invocations=77 (full 0):
 garbage-first heap   total 233472K, used 149664K [0x0000000080000000, 0x0000000100000000)
  region size 1024K, 11 young (11264K), 2 survivors (2048K)
 Metaspace       used 149625K, capacity 153517K, committed 155600K, reserved 1183744K
  class space    used 18528K, capacity 19956K, committed 20812K, reserved 1048576K
}
Event: 6123.186 GC heap after
{Heap after GC invocations=78 (full 0):
 garbage-first heap   total 233472K, used 139046K [0x0000000080000000, 0x0000000100000000)
  region size 1024K, 2 young (2048K), 2 survivors (2048K)
 Metaspace       used 149625K, capacity 153517K, committed 155600K, reserved 1183744K
  class space    used 18528K, capacity 19956K, committed 20812K, reserved 1048576K
}
Event: 6124.687 GC heap before
{Heap before GC invocations=78 (full 0):
 garbage-first heap   total 233472K, used 188198K [0x0000000080000000, 0x0000000100000000)
  region size 1024K, 51 young (52224K), 2 survivors (2048K)
 Metaspace       used 149885K, capacity 153828K, committed 155856K, reserved 1183744K
  class space    used 18533K, capacity 19965K, committed 20812K, reserved 1048576K
}
Event: 6124.716 GC heap after
{Heap after GC invocations=79 (full 0):
 garbage-first heap   total 233472K, used 145363K [0x0000000080000000, 0x0000000100000000)
  region size 1024K, 7 young (7168K), 7 survivors (7168K)
 Metaspace       used 149885K, capacity 153828K, committed 155856K, reserved 1183744K
  class space    used 18533K, capacity 19965K, committed 20812K, reserved 1048576K
}
Event: 6132.379 GC heap before
{Heap before GC invocations=80 (full 0):
 garbage-first heap   total 233472K, used 188371K [0x0000000080000000, 0x0000000100000000)
  region size 1024K, 53 young (54272K), 7 survivors (7168K)
 Metaspace       used 150036K, capacity 153981K, committed 156112K, reserved 1185792K
  class space    used 18547K, capacity 19991K, committed 20812K, reserved 1048576K
}
Event: 6132.415 GC heap after
{Heap after GC invocations=81 (full 0):
 garbage-first heap   total 233472K, used 149653K [0x0000000080000000, 0x0000000100000000)
  region size 1024K, 7 young (7168K), 7 survivors (7168K)
 Metaspace       used 150036K, capacity 153981K, committed 156112K, reserved 1185792K
  class space    used 18547K, capacity 19991K, committed 20812K, reserved 1048576K
}
Event: 6132.434 GC heap before
{Heap before GC invocations=81 (full 0):
 garbage-first heap   total 233472K, used 152725K [0x0000000080000000, 0x0000000100000000)
  region size 1024K, 11 young (11264K), 7 survivors (7168K)
 Metaspace       used 150036K, capacity 153981K, committed 156112K, reserved 1185792K
  class space    used 18547K, capacity 19991K, committed 20812K, reserved 1048576K
}
Event: 6132.471 GC heap after
{Heap after GC invocations=82 (full 0):
 garbage-first heap   total 233472K, used 140765K [0x0000000080000000, 0x0000000100000000)
  region size 1024K, 2 young (2048K), 2 survivors (2048K)
 Metaspace       used 150036K, capacity 153981K, committed 156112K, reserved 1185792K
  class space    used 18547K, capacity 19991K, committed 20812K, reserved 1048576K
}
Event: 6133.326 GC heap before
{Heap before GC invocations=82 (full 0):
 garbage-first heap   total 233472K, used 169437K [0x0000000080000000, 0x0000000100000000)
  region size 1024K, 32 young (32768K), 2 survivors (2048K)
 Metaspace       used 150093K, capacity 154063K, committed 156112K, reserved 1185792K
  class space    used 18551K, capacity 19997K, committed 20812K, reserved 1048576K
}
Event: 6133.337 GC heap after
{Heap after GC invocations=83 (full 0):
 garbage-first heap   total 233472K, used 141371K [0x0000000080000000, 0x0000000100000000)
  region size 1024K, 3 young (3072K), 3 survivors (3072K)
 Metaspace       used 150093K, capacity 154063K, committed 156112K, reserved 1185792K
  class space    used 18551K, capacity 19997K, committed 20812K, reserved 1048576K
}

